2025-07-01 17:17:18 [INFO] - INICIANDO: Preparacion del paquete Lambda
2025-07-01 17:17:18 [INFO] - VALIDACION: .NET Framework disponible
2025-07-01 17:17:18 [INFO] - LIMPIEZA: Limpiando carpetas si existen
2025-07-01 17:17:18 [INFO] - SETUP: Creando carpetas de trabajo
2025-07-01 17:17:18 [INFO] - DEPENDENCIAS: Instalando dependencias desde requirements.txt
2025-07-01 17:17:19 [INFO] - DEPENDENCIAS: Ejecutando pip install
2025-07-01 17:17:32 [INFO] - DEPENDENCIAS: Instalacion exitosa - Se detectaron 4 paquetes principales
2025-07-01 17:17:32 [INFO] -   - boto3 instalado
2025-07-01 17:17:32 [INFO] -   - boto3-1.39.1.dist-info instalado
2025-07-01 17:17:32 [INFO] -   - openpyxl instalado
2025-07-01 17:17:32 [INFO] -   - openpyxl-3.1.5.dist-info instalado
2025-07-01 17:17:32 [INFO] - VERIFICACION: Total de 28 directorios de paquetes en build
2025-07-01 17:17:32 [INFO] - COPIA: Copiando archivos fuente con exclusiones agresivas
2025-07-01 17:17:34 [INFO] - COPIA: Se copiaron 17 archivos (0.14 MB), se excluyeron 6991
2025-07-01 17:17:34 [INFO] - EXCLUSION: Se excluyeron 1150 archivos de entornos virtuales
2025-07-01 17:17:34 [INFO] - OPTIMIZACION: Optimizando dependencias pesadas para AWS Lambda
2025-07-01 17:17:34 [INFO] - OPTIMIZACION: Optimizado servicios de boto3
2025-07-01 17:17:36 [INFO] - OPTIMIZACION: Optimizado servicios de botocore
2025-07-01 17:17:36 [INFO] - OPTIMIZACION: Optimizacion de dependencias completada
2025-07-01 17:17:36 [INFO] - CONTEO: Se empaquetaran 1122 archivos en total (post-optimizacion)
2025-07-01 17:17:36 [INFO] - VERIFICACION: Se encontraron 480 archivos Python
2025-07-01 17:17:36 [INFO] - COMPRESION: Empaquetando ZIP con compresion Optimal
2025-07-01 17:17:41 [SUCCESS] - EXITO: ZIP creado en: C:\Proyectos\poc_popular\file_reader_lambda\Publicar\file_reader_lambda_20250701_171736.zip
2025-07-01 17:17:41 [INFO] - VALIDACION: Validando integridad del ZIP
2025-07-01 17:17:41 [SUCCESS] - EXITO: ZIP contiene 1122 entradas
2025-07-01 17:17:41 [INFO] - TAMANO: ZIP final de 5.54 MB
2025-07-01 17:17:41 [SUCCESS] - EXITO: ZIP de 5.54 MB - OK para carga directa en consola AWS
2025-07-01 17:17:42 [INFO] - LIMPIEZA: Carpeta build eliminada
2025-07-01 17:17:42 [INFO] - COMPLETADO: Paquete listo para AWS Lambda
2025-07-01 17:17:42 [INFO] - UBICACION: C:\Proyectos\poc_popular\file_reader_lambda\Publicar\file_reader_lambda_20250701_171736.zip
